<?xml version="1.0" encoding="UTF-8"?>
<!-- Generated by org.testng.reporters.JUnitReportReporter -->
<testsuite hostname="DC5CG2500TJ3" failures="0" tests="1" name="testcases.TC01VerifyGetReqWLG" time="555.576" errors="0" timestamp="2023-07-24T21:12:45 NZST" skipped="0">
  <testcase classname="testcases.TC01VerifyGetReqWLG" name="verifyGetDetailsWLG" time="555.576"/>
  <system-out/>
</testsuite> <!-- testcases.TC01VerifyGetReqWLG -->
